<?xml version="1.0" encoding="UTF-8"?>
<testsuite xmlns:xsi="http://www.w3.org/2001/XMLSchema-instance" xsi:noNamespaceSchemaLocation="https://maven.apache.org/surefire/maven-surefire-plugin/xsd/surefire-test-report-3.0.xsd" version="3.0" name="com.ecommerce.EcommerceBackendApplicationTests" time="23.895" tests="1" errors="0" skipped="0" failures="0">
  <properties>
[...]
</properties>
  <testcase name="contextLoads" classname="com.ecommerce.EcommerceBackendApplicationTests" time="1.662">
    <system-out><![CDATA[14:54:52.512 [main] INFO org.springframework.test.context.support.AnnotationConfigContextLoaderUtils -- Could not detect default configuration classes for test class [com.ecommerce.EcommerceBackendApplicationTests]: EcommerceBackendApplicationTests does not declare any static, non-private, non-final, nested classes annotated with @Configuration.
14:54:52.893 [main] INFO org.springframework.boot.test.context.SpringBootTestContextBootstrapper -- Found @SpringBootConfiguration com.ecommerce.EcommerceBackendApplication for test class com.ecommerce.EcommerceBackendApplicationTests

  .   ____          _            __ _ _
 /\\ / ___'_ __ _ _(_)_ __  __ _ \ \ \ \
( ( )\___ | '_ | '_| | '_ \/ _` | \ \ \ \
 \\/  ___)| |_)| | | | | || (_| |  ) ) ) )
  '  |____| .__|_| |_|_| |_\__, | / / / /
 =========|_|==============|___/=/_/_/_/
 :: Spring Boot ::                (v3.2.0)

2026-02-24T14:54:54.708+05:30  INFO 29396 --- [ecommerce-backend] [           main] c.e.EcommerceBackendApplicationTests     : Starting EcommerceBackendApplicationTests using Java 22.0.2 with PID 29396 (started by jathi in C:\Users\jathi\Downloads\projects\TDA W7 E-Comm Backend)
2026-02-24T14:54:54.712+05:30  INFO 29396 --- [ecommerce-backend] [           main] c.e.EcommerceBackendApplicationTests     : No active profile set, falling back to 1 default profile: "default"
2026-02-24T14:54:57.520+05:30  INFO 29396 --- [ecommerce-backend] [           main] .s.d.r.c.RepositoryConfigurationDelegate : Bootstrapping Spring Data JPA repositories in DEFAULT mode.
2026-02-24T14:54:57.842+05:30  INFO 29396 --- [ecommerce-backend] [           main] .s.d.r.c.RepositoryConfigurationDelegate : Finished Spring Data repository scanning in 296 ms. Found 6 JPA repository interfaces.
2026-02-24T14:54:59.606+05:30  INFO 29396 --- [ecommerce-backend] [           main] o.hibernate.jpa.internal.util.LogHelper  : HHH000204: Processing PersistenceUnitInfo [name: default]
2026-02-24T14:54:59.879+05:30  INFO 29396 --- [ecommerce-backend] [           main] org.hibernate.Version                    : HHH000412: Hibernate ORM core version 6.3.1.Final
2026-02-24T14:55:00.038+05:30  INFO 29396 --- [ecommerce-backend] [           main] o.h.c.internal.RegionFactoryInitiator    : HHH000026: Second-level cache disabled
2026-02-24T14:55:01.180+05:30  INFO 29396 --- [ecommerce-backend] [           main] o.s.o.j.p.SpringPersistenceUnitInfo      : No LoadTimeWeaver setup: ignoring JPA class transformer
2026-02-24T14:55:01.299+05:30  INFO 29396 --- [ecommerce-backend] [           main] com.zaxxer.hikari.HikariDataSource       : HikariPool-1 - Starting...
2026-02-24T14:55:01.943+05:30  INFO 29396 --- [ecommerce-backend] [           main] com.zaxxer.hikari.pool.HikariPool        : HikariPool-1 - Added connection conn0: url=jdbc:h2:mem:testdb user=SA
2026-02-24T14:55:01.949+05:30  INFO 29396 --- [ecommerce-backend] [           main] com.zaxxer.hikari.HikariDataSource       : HikariPool-1 - Start completed.
2026-02-24T14:55:02.045+05:30  WARN 29396 --- [ecommerce-backend] [           main] org.hibernate.dialect.Dialect            : HHH000511: The 2.2.0 version for [org.hibernate.dialect.PostgreSQLDialect] is no longer supported, hence certain features may not work properly. The minimum supported version is 11.0.0. Check the community dialects project for available legacy versions.
2026-02-24T14:55:02.064+05:30  WARN 29396 --- [ecommerce-backend] [           main] org.hibernate.orm.deprecation            : HHH90000025: PostgreSQLDialect does not need to be specified explicitly using 'hibernate.dialect' (remove the property setting and it will be selected by default)
2026-02-24T14:55:05.951+05:30  INFO 29396 --- [ecommerce-backend] [           main] o.h.e.t.j.p.i.JtaPlatformInitiator       : HHH000489: No JTA platform available (set 'hibernate.transaction.jta.platform' to enable JTA platform integration)
2026-02-24T14:55:06.008+05:30 DEBUG 29396 --- [ecommerce-backend] [           main] org.hibernate.SQL                        : 
    alter table if exists categories 
       drop constraint if exists FKsaok720gsu4u2wrgbk10b5n8d
Hibernate: 
    alter table if exists categories 
       drop constraint if exists FKsaok720gsu4u2wrgbk10b5n8d
2026-02-24T14:55:06.019+05:30 DEBUG 29396 --- [ecommerce-backend] [           main] org.hibernate.SQL                        : 
    alter table if exists order_items 
       drop constraint if exists FKbioxgbv59vetrxe0ejfubep1w
Hibernate: 
    alter table if exists order_items 
       drop constraint if exists FKbioxgbv59vetrxe0ejfubep1w
2026-02-24T14:55:06.021+05:30 DEBUG 29396 --- [ecommerce-backend] [           main] org.hibernate.SQL                        : 
    alter table if exists order_items 
       drop constraint if exists FKocimc7dtr037rh4ls4l95nlfi
Hibernate: 
    alter table if exists order_items 
       drop constraint if exists FKocimc7dtr037rh4ls4l95nlfi
2026-02-24T14:55:06.022+05:30 DEBUG 29396 --- [ecommerce-backend] [           main] org.hibernate.SQL                        : 
    alter table if exists orders 
       drop constraint if exists FK32ql8ubntj5uh44ph9659tiih
Hibernate: 
    alter table if exists orders 
       drop constraint if exists FK32ql8ubntj5uh44ph9659tiih
2026-02-24T14:55:06.024+05:30 DEBUG 29396 --- [ecommerce-backend] [           main] org.hibernate.SQL                        : 
    alter table if exists payments 
       drop constraint if exists FK81gagumt0r8y3rmudcgpbk42l
Hibernate: 
    alter table if exists payments 
       drop constraint if exists FK81gagumt0r8y3rmudcgpbk42l
2026-02-24T14:55:06.025+05:30 DEBUG 29396 --- [ecommerce-backend] [           main] org.hibernate.SQL                        : 
    alter table if exists products 
       drop constraint if exists FKog2rp4qthbtt2lfyhfo32lsw9
Hibernate: 
    alter table if exists products 
       drop constraint if exists FKog2rp4qthbtt2lfyhfo32lsw9
2026-02-24T14:55:06.026+05:30 DEBUG 29396 --- [ecommerce-backend] [           main] org.hibernate.SQL                        : 
    drop table if exists categories cascade
Hibernate: 
    drop table if exists categories cascade
2026-02-24T14:55:06.028+05:30 DEBUG 29396 --- [ecommerce-backend] [           main] org.hibernate.SQL                        : 
    drop table if exists order_items cascade
Hibernate: 
    drop table if exists order_items cascade
2026-02-24T14:55:06.029+05:30 DEBUG 29396 --- [ecommerce-backend] [           main] org.hibernate.SQL                        : 
    drop table if exists orders cascade
Hibernate: 
    drop table if exists orders cascade
2026-02-24T14:55:06.030+05:30 DEBUG 29396 --- [ecommerce-backend] [           main] org.hibernate.SQL                        : 
    drop table if exists payments cascade
Hibernate: 
    drop table if exists payments cascade
2026-02-24T14:55:06.031+05:30 DEBUG 29396 --- [ecommerce-backend] [           main] org.hibernate.SQL                        : 
    drop table if exists products cascade
Hibernate: 
    drop table if exists products cascade
2026-02-24T14:55:06.033+05:30 DEBUG 29396 --- [ecommerce-backend] [           main] org.hibernate.SQL                        : 
    drop table if exists users cascade
Hibernate: 
    drop table if exists users cascade
2026-02-24T14:55:06.052+05:30 DEBUG 29396 --- [ecommerce-backend] [           main] org.hibernate.SQL                        : 
    create table categories (
        is_active boolean not null,
        created_at timestamp(6),
        id bigserial not null,
        parent_id bigint,
        updated_at timestamp(6),
        name varchar(100) not null unique,
        created_by varchar(255),
        description TEXT,
        updated_by varchar(255),
        primary key (id)
    )
Hibernate: 
    create table categories (
        is_active boolean not null,
        created_at timestamp(6),
        id bigserial not null,
        parent_id bigint,
        updated_at timestamp(6),
        name varchar(100) not null unique,
        created_by varchar(255),
        description TEXT,
        updated_by varchar(255),
        primary key (id)
    )
2026-02-24T14:55:06.083+05:30 DEBUG 29396 --- [ecommerce-backend] [           main] org.hibernate.SQL                        : 
    create table order_items (
        price numeric(10,2) not null,
        quantity integer not null,
        subtotal numeric(10,2) not null,
        id bigserial not null,
        order_id bigint not null,
        product_id bigint not null,
        primary key (id)
    )
Hibernate: 
    create table order_items (
        price numeric(10,2) not null,
        quantity integer not null,
        subtotal numeric(10,2) not null,
        id bigserial not null,
        order_id bigint not null,
        product_id bigint not null,
        primary key (id)
    )
2026-02-24T14:55:06.088+05:30 DEBUG 29396 --- [ecommerce-backend] [           main] org.hibernate.SQL                        : 
    create table orders (
        total_amount numeric(10,2) not null,
        created_at timestamp(6),
        id bigserial not null,
        updated_at timestamp(6),
        user_id bigint not null,
        order_number varchar(50) not null unique,
        created_by varchar(255),
        shipping_address TEXT,
        status varchar(255) not null check (status in ('PENDING','CONFIRMED','PROCESSING','SHIPPED','DELIVERED','CANCELLED','RETURNED')),
        updated_by varchar(255),
        primary key (id)
    )
Hibernate: 
    create table orders (
        total_amount numeric(10,2) not null,
        created_at timestamp(6),
        id bigserial not null,
        updated_at timestamp(6),
        user_id bigint not null,
        order_number varchar(50) not null unique,
        created_by varchar(255),
        shipping_address TEXT,
        status varchar(255) not null check (status in ('PENDING','CONFIRMED','PROCESSING','SHIPPED','DELIVERED','CANCELLED','RETURNED')),
        updated_by varchar(255),
        primary key (id)
    )
2026-02-24T14:55:06.102+05:30 DEBUG 29396 --- [ecommerce-backend] [           main] org.hibernate.SQL                        : 
    create table payments (
        amount numeric(10,2) not null,
        created_at timestamp(6),
        id bigserial not null,
        order_id bigint not null unique,
        payment_date timestamp(6),
        updated_at timestamp(6),
        payment_method varchar(50) not null,
        transaction_id varchar(100),
        created_by varchar(255),
        status varchar(255) not null check (status in ('PENDING','COMPLETED','FAILED','REFUNDED','CANCELLED')),
        updated_by varchar(255),
        primary key (id)
    )
Hibernate: 
    create table payments (
        amount numeric(10,2) not null,
        created_at timestamp(6),
        id bigserial not null,
        order_id bigint not null unique,
        payment_date timestamp(6),
        updated_at timestamp(6),
        payment_method varchar(50) not null,
        transaction_id varchar(100),
        created_by varchar(255),
        status varchar(255) not null check (status in ('PENDING','COMPLETED','FAILED','REFUNDED','CANCELLED')),
        updated_by varchar(255),
        primary key (id)
    )
2026-02-24T14:55:06.111+05:30 DEBUG 29396 --- [ecommerce-backend] [           main] org.hibernate.SQL                        : 
    create table products (
        is_active boolean not null,
        price numeric(10,2) not null,
        stock integer not null,
        category_id bigint not null,
        created_at timestamp(6),
        id bigserial not null,
        updated_at timestamp(6),
        name varchar(200) not null,
        image_url varchar(500),
        created_by varchar(255),
        description TEXT,
        updated_by varchar(255),
        primary key (id)
    )
Hibernate: 
    create table products (
        is_active boolean not null,
        price numeric(10,2) not null,
        stock integer not null,
        category_id bigint not null,
        created_at timestamp(6),
        id bigserial not null,
        updated_at timestamp(6),
        name varchar(200) not null,
        image_url varchar(500),
        created_by varchar(255),
        description TEXT,
        updated_by varchar(255),
        primary key (id)
    )
2026-02-24T14:55:06.116+05:30 DEBUG 29396 --- [ecommerce-backend] [           main] org.hibernate.SQL                        : 
    create table users (
        is_active boolean not null,
        is_verified boolean not null,
        created_at timestamp(6),
        id bigserial not null,
        updated_at timestamp(6),
        phone varchar(20),
        first_name varchar(50) not null,
        last_name varchar(50) not null,
        username varchar(50) not null unique,
        email varchar(100) not null unique,
        created_by varchar(255),
        password varchar(255) not null,
        updated_by varchar(255),
        primary key (id)
    )
Hibernate: 
    create table users (
        is_active boolean not null,
        is_verified boolean not null,
        created_at timestamp(6),
        id bigserial not null,
        updated_at timestamp(6),
        phone varchar(20),
        first_name varchar(50) not null,
        last_name varchar(50) not null,
        username varchar(50) not null unique,
        email varchar(100) not null unique,
        created_by varchar(255),
        password varchar(255) not null,
        updated_by varchar(255),
        primary key (id)
    )
2026-02-24T14:55:06.121+05:30 DEBUG 29396 --- [ecommerce-backend] [           main] org.hibernate.SQL                        : 
    create index idx_product_name 
       on products (name)
Hibernate: 
    create index idx_product_name 
       on products (name)
2026-02-24T14:55:06.124+05:30 DEBUG 29396 --- [ecommerce-backend] [           main] org.hibernate.SQL                        : 
    create index idx_product_category 
       on products (category_id)
Hibernate: 
    create index idx_product_category 
       on products (category_id)
2026-02-24T14:55:06.125+05:30 DEBUG 29396 --- [ecommerce-backend] [           main] org.hibernate.SQL                        : 
    create index idx_product_price 
       on products (price)
Hibernate: 
    create index idx_product_price 
       on products (price)
2026-02-24T14:55:06.127+05:30 DEBUG 29396 --- [ecommerce-backend] [           main] org.hibernate.SQL                        : 
    alter table if exists categories 
       add constraint FKsaok720gsu4u2wrgbk10b5n8d 
       foreign key (parent_id) 
       references categories
Hibernate: 
    alter table if exists categories 
       add constraint FKsaok720gsu4u2wrgbk10b5n8d 
       foreign key (parent_id) 
       references categories
2026-02-24T14:55:06.160+05:30 DEBUG 29396 --- [ecommerce-backend] [           main] org.hibernate.SQL                        : 
    alter table if exists order_items 
       add constraint FKbioxgbv59vetrxe0ejfubep1w 
       foreign key (order_id) 
       references orders
Hibernate: 
    alter table if exists order_items 
       add constraint FKbioxgbv59vetrxe0ejfubep1w 
       foreign key (order_id) 
       references orders
2026-02-24T14:55:06.167+05:30 DEBUG 29396 --- [ecommerce-backend] [           main] org.hibernate.SQL                        : 
    alter table if exists order_items 
       add constraint FKocimc7dtr037rh4ls4l95nlfi 
       foreign key (product_id) 
       references products
Hibernate: 
    alter table if exists order_items 
       add constraint FKocimc7dtr037rh4ls4l95nlfi 
       foreign key (product_id) 
       references products
2026-02-24T14:55:06.173+05:30 DEBUG 29396 --- [ecommerce-backend] [           main] org.hibernate.SQL                        : 
    alter table if exists orders 
       add constraint FK32ql8ubntj5uh44ph9659tiih 
       foreign key (user_id) 
       references users
Hibernate: 
    alter table if exists orders 
       add constraint FK32ql8ubntj5uh44ph9659tiih 
       foreign key (user_id) 
       references users
2026-02-24T14:55:06.178+05:30 DEBUG 29396 --- [ecommerce-backend] [           main] org.hibernate.SQL                        : 
    alter table if exists payments 
       add constraint FK81gagumt0r8y3rmudcgpbk42l 
       foreign key (order_id) 
       references orders
Hibernate: 
    alter table if exists payments 
       add constraint FK81gagumt0r8y3rmudcgpbk42l 
       foreign key (order_id) 
       references orders
2026-02-24T14:55:06.182+05:30 DEBUG 29396 --- [ecommerce-backend] [           main] org.hibernate.SQL                        : 
    alter table if exists products 
       add constraint FKog2rp4qthbtt2lfyhfo32lsw9 
       foreign key (category_id) 
       references categories
Hibernate: 
    alter table if exists products 
       add constraint FKog2rp4qthbtt2lfyhfo32lsw9 
       foreign key (category_id) 
       references categories
2026-02-24T14:55:06.200+05:30  INFO 29396 --- [ecommerce-backend] [           main] j.LocalContainerEntityManagerFactoryBean : Initialized JPA EntityManagerFactory for persistence unit 'default'
2026-02-24T14:55:07.502+05:30  INFO 29396 --- [ecommerce-backend] [           main] o.s.d.j.r.query.QueryEnhancerFactory     : Hibernate is in classpath; If applicable, HQL parser will be used.
2026-02-24T14:55:11.236+05:30  WARN 29396 --- [ecommerce-backend] [           main] JpaBaseConfiguration$JpaWebConfiguration : spring.jpa.open-in-view is enabled by default. Therefore, database queries may be performed during view rendering. Explicitly configure spring.jpa.open-in-view to disable this warning
2026-02-24T14:55:13.003+05:30  INFO 29396 --- [ecommerce-backend] [           main] c.e.EcommerceBackendApplicationTests     : Started EcommerceBackendApplicationTests in 19.538 seconds (process running for 23.47)
2026-02-24T14:55:13.246+05:30 DEBUG 29396 --- [ecommerce-backend] [           main] org.hibernate.SQL                        : 
    select
        count(*) 
    from
        users u1_0
Hibernate: 
    select
        count(*) 
    from
        users u1_0
2026-02-24T14:55:13.541+05:30 DEBUG 29396 --- [ecommerce-backend] [           main] org.hibernate.SQL                        : 
    insert 
    into
        users
        (created_at, created_by, email, first_name, is_active, is_verified, last_name, password, phone, updated_at, updated_by, username) 
    values
        (?, ?, ?, ?, ?, ?, ?, ?, ?, ?, ?, ?)
Hibernate: 
    insert 
    into
        users
        (created_at, created_by, email, first_name, is_active, is_verified, last_name, password, phone, updated_at, updated_by, username) 
    values
        (?, ?, ?, ?, ?, ?, ?, ?, ?, ?, ?, ?)
2026-02-24T14:55:13.615+05:30 DEBUG 29396 --- [ecommerce-backend] [           main] org.hibernate.SQL                        : 
    insert 
    into
        users
        (created_at, created_by, email, first_name, is_active, is_verified, last_name, password, phone, updated_at, updated_by, username) 
    values
        (?, ?, ?, ?, ?, ?, ?, ?, ?, ?, ?, ?)
Hibernate: 
    insert 
    into
        users
        (created_at, created_by, email, first_name, is_active, is_verified, last_name, password, phone, updated_at, updated_by, username) 
    values
        (?, ?, ?, ?, ?, ?, ?, ?, ?, ?, ?, ?)
2026-02-24T14:55:13.623+05:30 DEBUG 29396 --- [ecommerce-backend] [           main] org.hibernate.SQL                        : 
    select
        count(*) 
    from
        categories c1_0
Hibernate: 
    select
        count(*) 
    from
        categories c1_0
2026-02-24T14:55:13.713+05:30 DEBUG 29396 --- [ecommerce-backend] [           main] org.hibernate.SQL                        : 
    insert 
    into
        categories
        (created_at, created_by, description, is_active, name, parent_id, updated_at, updated_by) 
    values
        (?, ?, ?, ?, ?, ?, ?, ?)
Hibernate: 
    insert 
    into
        categories
        (created_at, created_by, description, is_active, name, parent_id, updated_at, updated_by) 
    values
        (?, ?, ?, ?, ?, ?, ?, ?)
2026-02-24T14:55:13.743+05:30 DEBUG 29396 --- [ecommerce-backend] [           main] org.hibernate.SQL                        : 
    insert 
    into
        categories
        (created_at, created_by, description, is_active, name, parent_id, updated_at, updated_by) 
    values
        (?, ?, ?, ?, ?, ?, ?, ?)
Hibernate: 
    insert 
    into
        categories
        (created_at, created_by, description, is_active, name, parent_id, updated_at, updated_by) 
    values
        (?, ?, ?, ?, ?, ?, ?, ?)
2026-02-24T14:55:13.753+05:30 DEBUG 29396 --- [ecommerce-backend] [           main] org.hibernate.SQL                        : 
    insert 
    into
        categories
        (created_at, created_by, description, is_active, name, parent_id, updated_at, updated_by) 
    values
        (?, ?, ?, ?, ?, ?, ?, ?)
Hibernate: 
    insert 
    into
        categories
        (created_at, created_by, description, is_active, name, parent_id, updated_at, updated_by) 
    values
        (?, ?, ?, ?, ?, ?, ?, ?)
2026-02-24T14:55:13.757+05:30 DEBUG 29396 --- [ecommerce-backend] [           main] org.hibernate.SQL                        : 
    insert 
    into
        categories
        (created_at, created_by, description, is_active, name, parent_id, updated_at, updated_by) 
    values
        (?, ?, ?, ?, ?, ?, ?, ?)
Hibernate: 
    insert 
    into
        categories
        (created_at, created_by, description, is_active, name, parent_id, updated_at, updated_by) 
    values
        (?, ?, ?, ?, ?, ?, ?, ?)
2026-02-24T14:55:13.765+05:30 DEBUG 29396 --- [ecommerce-backend] [           main] org.hibernate.SQL                        : 
    select
        count(*) 
    from
        products p1_0
Hibernate: 
    select
        count(*) 
    from
        products p1_0
2026-02-24T14:55:13.962+05:30 DEBUG 29396 --- [ecommerce-backend] [           main] org.hibernate.SQL                        : 
    select
        c1_0.id,
        c1_0.created_at,
        c1_0.created_by,
        c1_0.description,
        c1_0.is_active,
        c1_0.name,
        c1_0.parent_id,
        c1_0.updated_at,
        c1_0.updated_by 
    from
        categories c1_0 
    where
        c1_0.name=?
Hibernate: 
    select
        c1_0.id,
        c1_0.created_at,
        c1_0.created_by,
        c1_0.description,
        c1_0.is_active,
        c1_0.name,
        c1_0.parent_id,
        c1_0.updated_at,
        c1_0.updated_by 
    from
        categories c1_0 
    where
        c1_0.name=?
2026-02-24T14:55:13.985+05:30 DEBUG 29396 --- [ecommerce-backend] [           main] org.hibernate.SQL                        : 
    select
        c1_0.id,
        c1_0.created_at,
        c1_0.created_by,
        c1_0.description,
        c1_0.is_active,
        c1_0.name,
        c1_0.parent_id,
        c1_0.updated_at,
        c1_0.updated_by 
    from
        categories c1_0 
    where
        c1_0.name=?
Hibernate: 
    select
        c1_0.id,
        c1_0.created_at,
        c1_0.created_by,
        c1_0.description,
        c1_0.is_active,
        c1_0.name,
        c1_0.parent_id,
        c1_0.updated_at,
        c1_0.updated_by 
    from
        categories c1_0 
    where
        c1_0.name=?
2026-02-24T14:55:13.992+05:30 DEBUG 29396 --- [ecommerce-backend] [           main] org.hibernate.SQL                        : 
    select
        c1_0.id,
        c1_0.created_at,
        c1_0.created_by,
        c1_0.description,
        c1_0.is_active,
        c1_0.name,
        c1_0.parent_id,
        c1_0.updated_at,
        c1_0.updated_by 
    from
        categories c1_0 
    where
        c1_0.name=?
Hibernate: 
    select
        c1_0.id,
        c1_0.created_at,
        c1_0.created_by,
        c1_0.description,
        c1_0.is_active,
        c1_0.name,
        c1_0.parent_id,
        c1_0.updated_at,
        c1_0.updated_by 
    from
        categories c1_0 
    where
        c1_0.name=?
2026-02-24T14:55:14.014+05:30 DEBUG 29396 --- [ecommerce-backend] [           main] org.hibernate.SQL                        : 
    insert 
    into
        products
        (category_id, created_at, created_by, description, image_url, is_active, name, price, stock, updated_at, updated_by) 
    values
        (?, ?, ?, ?, ?, ?, ?, ?, ?, ?, ?)
Hibernate: 
    insert 
    into
        products
        (category_id, created_at, created_by, description, image_url, is_active, name, price, stock, updated_at, updated_by) 
    values
        (?, ?, ?, ?, ?, ?, ?, ?, ?, ?, ?)
2026-02-24T14:55:14.019+05:30 DEBUG 29396 --- [ecommerce-backend] [           main] org.hibernate.SQL                        : 
    insert 
    into
        products
        (category_id, created_at, created_by, description, image_url, is_active, name, price, stock, updated_at, updated_by) 
    values
        (?, ?, ?, ?, ?, ?, ?, ?, ?, ?, ?)
Hibernate: 
    insert 
    into
        products
        (category_id, created_at, created_by, description, image_url, is_active, name, price, stock, updated_at, updated_by) 
    values
        (?, ?, ?, ?, ?, ?, ?, ?, ?, ?, ?)
2026-02-24T14:55:14.024+05:30 DEBUG 29396 --- [ecommerce-backend] [           main] org.hibernate.SQL                        : 
    insert 
    into
        products
        (category_id, created_at, created_by, description, image_url, is_active, name, price, stock, updated_at, updated_by) 
    values
        (?, ?, ?, ?, ?, ?, ?, ?, ?, ?, ?)
Hibernate: 
    insert 
    into
        products
        (category_id, created_at, created_by, description, image_url, is_active, name, price, stock, updated_at, updated_by) 
    values
        (?, ?, ?, ?, ?, ?, ?, ?, ?, ?, ?)
2026-02-24T14:55:14.029+05:30 DEBUG 29396 --- [ecommerce-backend] [           main] org.hibernate.SQL                        : 
    insert 
    into
        products
        (category_id, created_at, created_by, description, image_url, is_active, name, price, stock, updated_at, updated_by) 
    values
        (?, ?, ?, ?, ?, ?, ?, ?, ?, ?, ?)
Hibernate: 
    insert 
    into
        products
        (category_id, created_at, created_by, description, image_url, is_active, name, price, stock, updated_at, updated_by) 
    values
        (?, ?, ?, ?, ?, ?, ?, ?, ?, ?, ?)
2026-02-24T14:55:14.034+05:30 DEBUG 29396 --- [ecommerce-backend] [           main] org.hibernate.SQL                        : 
    insert 
    into
        products
        (category_id, created_at, created_by, description, image_url, is_active, name, price, stock, updated_at, updated_by) 
    values
        (?, ?, ?, ?, ?, ?, ?, ?, ?, ?, ?)
Hibernate: 
    insert 
    into
        products
        (category_id, created_at, created_by, description, image_url, is_active, name, price, stock, updated_at, updated_by) 
    values
        (?, ?, ?, ?, ?, ?, ?, ?, ?, ?, ?)
2026-02-24T14:55:14.040+05:30 DEBUG 29396 --- [ecommerce-backend] [           main] org.hibernate.SQL                        : 
    insert 
    into
        products
        (category_id, created_at, created_by, description, image_url, is_active, name, price, stock, updated_at, updated_by) 
    values
        (?, ?, ?, ?, ?, ?, ?, ?, ?, ?, ?)
Hibernate: 
    insert 
    into
        products
        (category_id, created_at, created_by, description, image_url, is_active, name, price, stock, updated_at, updated_by) 
    values
        (?, ?, ?, ?, ?, ?, ?, ?, ?, ?, ?)
✅ Data initialization completed successfully!
📊 Database statistics:
2026-02-24T14:55:14.049+05:30 DEBUG 29396 --- [ecommerce-backend] [           main] org.hibernate.SQL                        : 
    select
        count(*) 
    from
        users u1_0
Hibernate: 
    select
        count(*) 
    from
        users u1_0
   • Users: 2
2026-02-24T14:55:14.056+05:30 DEBUG 29396 --- [ecommerce-backend] [           main] org.hibernate.SQL                        : 
    select
        count(*) 
    from
        categories c1_0
Hibernate: 
    select
        count(*) 
    from
        categories c1_0
   • Categories: 4
2026-02-24T14:55:14.059+05:30 DEBUG 29396 --- [ecommerce-backend] [           main] org.hibernate.SQL                        : 
    select
        count(*) 
    from
        products p1_0
Hibernate: 
    select
        count(*) 
    from
        products p1_0
   • Products: 6
]]></system-out>
    <system-err><![CDATA[WARNING: A Java agent has been loaded dynamically (C:\Users\jathi\.m2\repository\net\bytebuddy\byte-buddy-agent\1.14.10\byte-buddy-agent-1.14.10.jar)
WARNING: If a serviceability tool is in use, please run with -XX:+EnableDynamicAgentLoading to hide this warning
WARNING: If a serviceability tool is not in use, please run with -Djdk.instrument.traceUsage for more information
WARNING: Dynamic loading of agents will be disallowed by default in a future release
]]></system-err>
  </testcase>
</testsuite>